ASP   66.361   38.218
ASP -162.354    2.625
ASP -160.793    4.339
ASP  -69.736    0.937
ASP  -46.953  -48.239
ASP  -49.801  -68.456
ASP  -82.903  -45.194
ASP -152.557   51.839
ASP  -61.248  -57.292
ASP  -71.588   44.260
ASP -146.702  -56.852
ASP  171.501  -76.265
ASP  -72.856  -36.426
ASP  -76.334  -20.347
ASP   58.390  -10.803
ASP  -62.857  -52.079
ASP   26.734  -55.652
ASP  -70.063    4.192
ASP  -59.410 -122.878
ASP  -66.850  -37.059
ASP -146.131  -32.647
ASP   61.110   79.217
ASP   84.711   88.575
ASP -176.471  -13.893
ASP  177.459   36.051
ASP   55.734   18.806
ASP -171.776    7.804
ASP  179.265   38.644
ASP   50.073   37.451
ASP   66.834  -13.258
ASP   82.499  -83.799
ASP   68.205 -176.355
ASP  -51.941  -30.963
ASP -175.484 -141.691
ASP -167.942  178.993
ASP   61.391  -58.926
ASP  -50.152  -53.025
ASP   54.708  115.205
ASP   58.162  -77.633
ASP -177.478  -31.873
ASP -166.352 -169.704
ASP  -68.196  -38.871
ASP -160.010  113.012
ASP -157.727   -5.526
ASP  -67.383  -41.298
ASP -148.271  -73.794
ASP   63.339  -51.440
ASP   44.966  -38.227
ASP -157.296   21.948
ASP -162.836   35.393
ASP -165.341   81.286
ASP  -65.131  -26.256
ASP -149.942 -171.451
ASP -164.082  -78.177
ASP -147.229  -45.048
ASP -162.504   20.606
ASP -167.534 -153.444
ASP   46.813   43.506
ASP  177.106  -75.662
ASP  -69.437  -11.374
ASP -175.309  -34.636
ASP -169.220   62.927
ASP -179.634  -38.739
ASP  -85.183   31.739
ASP -179.944   51.591
ASP -179.877   19.553
ASP  -54.679  -42.257
ASP  177.948   69.423
ASP  -91.077   -5.089
ASP -166.720 -144.502
ASP  166.687 -176.046
ASP   84.021   25.643
ASP  -71.308  -19.077
ASP -159.992   21.403
ASP -169.600   -4.069
ASP  -62.448  -46.696
ASP  -69.008  -11.522
ASP   57.791  -52.796
ASP  -55.200  -39.314
ASP  176.665    4.151
ASP  -70.206   -1.893
ASP -171.185  172.175
ASP -154.675    0.348
ASP   70.628  150.073
ASP   63.746   21.948
ASP  -85.614  -72.676
ASP  -63.864  -61.842
ASP  -55.641  -28.935
ASP  -61.027  -24.770
ASP -174.347   69.800
ASP  -67.824  -58.759
ASP  -58.650  -23.097
ASP   68.251   63.650
ASP  -76.722  -35.000
ASP -161.024  -90.801
ASP  -71.136   23.873
ASP   45.971  -38.128
ASP  -58.627  100.672
ASP  172.775   13.078
ASP -156.944  102.167
ASP -160.726 -172.229
ASP -174.623  -15.523
ASP -178.826 -126.534
ASP  -52.783  116.189
ASP   50.430  162.637
ASP  178.640 -162.743
ASP  -59.211  -34.216
ASP -158.899  176.726
ASP -176.065  -63.961
ASP  -76.518  -17.794
ASP -151.810  -14.005
ASP  -74.728    0.593
ASP  -79.555  -14.847
ASP  -63.843  -15.751
ASP   56.202 -151.920
ASP  -67.786  -58.762
ASP  -91.403   18.355
ASP -144.425  -46.309
ASP -170.233  -33.710
ASP -155.789   -5.398
ASP -172.690  -42.709
ASP  -68.833  -14.043
ASP -128.162   -0.256
ASP -157.435   -9.130
ASP  -63.389  -26.990
ASP  -60.902  -86.490
ASP -148.894  -15.687
ASP  -84.841  112.891
ASP -174.552 -125.995
ASP  -68.838  -41.388
ASP  174.923    9.837
ASP -154.114  109.993
ASP  179.013   -0.132
ASP   46.017  131.625
ASP  -68.614  -23.382
ASP  178.162   20.578
ASP -169.360  -25.376
ASP   52.626   -6.085
ASP -174.586   15.957
ASP   73.057  -59.514
ASP -157.301  -67.171
ASP   55.822  -75.977
ASP  -58.074  -67.051
ASP -164.137   44.258
ASP  -61.000  -52.277
ASP   64.635  -13.420
ASP -158.237   19.714
ASP -170.280    6.832
ASP  -80.218   -2.303
ASP   68.225   45.688
ASP   62.745   17.204
ASP  -76.268  -15.180
ASP  -68.462  -25.851
ASP -164.996  169.704
ASP  -70.775   -4.177
ASP  -65.672  -21.878
ASP  -53.464  -37.465
ASP  -68.957  -12.652
ASP  -57.720  -31.510
ASP -161.880  -80.257
ASP  -70.341    4.577
ASP   53.625   -9.149
ASP   56.991  -59.953
LYS -179.906 -177.193 -146.887 -135.613
LYS  176.185   63.671  170.951  169.941
LYS  -67.615 -175.642 -159.579  150.623
LYS -176.930 -176.974 -179.388 -174.567
LYS   56.856 -176.358  177.387 -178.205
LYS   63.600 -179.787  173.599  177.207
LYS -157.631  116.523   62.320 -170.556
LYS -116.739   44.487  145.908 -167.939
LYS -171.902  176.633 -172.609 -168.552
LYS  -74.769  178.521  165.335  161.529
LYS  -65.069 -144.805 -168.223  172.214
LYS -166.129  161.190   64.125  171.934
LYS   74.467 -172.252  173.147   45.462
LYS  177.384 -171.183  145.046  176.826
LYS  -70.399 -162.507 -172.614 -170.314
LYS  -71.730  176.338  165.133 -174.680
LYS -167.646  103.657  166.339 -174.120
LYS  -71.024 -176.016  -65.638  -59.803
LYS  -58.857 -142.926 -177.513 -176.624
LYS -174.124  179.761 -178.548  179.461
LYS -179.328  172.195 -178.123  174.403
LYS -177.382  165.279 -177.270  171.858
LYS   72.700  164.706   59.289  176.089
LYS  -67.433 -172.415 -179.418 -168.497
LYS   64.462 -171.522  176.359  161.414
LYS  -51.148  174.711 -172.164  174.106
LYS   63.652 -173.528 -169.500   70.934
LYS -138.416  145.729   68.546 -164.756
LYS  -98.917  176.335 -176.551 -162.554
LYS  -64.478  -60.617 -172.073 -173.201
LYS  171.610  178.196  179.207 -177.053
LYS -179.931 -179.342  179.828  179.747
LYS   64.631 -178.746 -141.211   64.211
LYS  167.947 -167.815 -102.306  179.883
LYS  179.104  168.874 -175.315  173.801
LYS   67.292 -157.831  -79.805 -155.278
LYS  -73.921  -51.849 -178.253 -177.100
LYS -173.282   59.144 -167.154   78.288
LYS -160.951  179.186  179.047  178.106
LYS  -73.794  171.121 -173.745  169.963
LYS -164.850  178.094  178.563 -177.268
LYS  -79.228  170.877 -179.838  167.824
LYS  -59.291  175.652  178.347  170.659
LYS  172.700  174.276  177.474  178.497
LYS  -59.041  179.127  177.880 -176.668
LYS  -61.078 -179.096 -178.667  176.652
LYS  -58.483  -60.187 -155.701   89.345
LYS  -77.831  100.880   63.818 -170.083
LYS -176.593 -168.523 -168.017 -176.072
LYS  -65.517 -165.466  167.296  175.283
LYS -168.745 -163.053  -87.021 -178.382
LYS  152.787 -149.848  155.317 -179.154
LYS  -59.534  -57.591 -156.821  167.097
LYS  176.077  134.945   93.034  100.962
LYS  167.863  162.222 -166.213 -158.058
LYS -169.081  168.264   57.877 -179.862
LYS -158.564  133.337   62.478  102.999
LYS  165.418   73.351  179.977  -75.318
LYS  -63.019 -176.960  -67.492 -173.866
LYS  -66.655 -162.287 -170.352  -54.525
LYS -179.559  177.043   68.303  173.513
LYS  -69.566  167.271  175.923  176.132
LYS -164.050  -91.620  175.725  163.203
LYS  177.403  170.351  174.357  174.092
LYS   52.678 -179.419 -178.879  176.814
LYS  -72.101  173.508  179.494   68.760
LYS  -62.698 -171.875  177.556 -168.092
LYS -178.253   54.771  170.942   62.670
LYS  -97.943   91.880   71.191 -162.259
LYS  -68.672 -169.479  174.022 -167.510
LYS -169.997  170.907  163.488  152.703
LYS  -53.767   69.682   54.865 -128.678
LYS  -63.590  -61.088 -174.262 -179.566
ILE  -75.054  152.800
ILE  -66.193  164.230
ILE   60.789 -174.163
ILE  -69.576  151.606
ILE   51.039  178.519
ILE  -65.031  150.987
ILE  -63.836  155.708
ILE  -70.724  151.482
ILE -155.885  145.113
ILE  -47.140   99.383
ILE  -52.504  179.558
ILE   62.369  163.805
ILE  -35.999   94.092
ILE  -45.496  -24.646
ILE  -62.387  148.249
ILE -175.887  148.764
ILE  -70.194  150.390
ILE  -50.437  154.351
ILE  -57.022  -50.078
ILE -166.636  153.751
ILE   57.800  153.197
ILE   62.449  151.902
ILE  -60.032  148.118
ILE  -59.628  148.610
ILE  -64.025  154.055
ILE  -65.292   90.022
ILE  174.179   77.551
ILE  -52.372  171.123
ILE  -58.011  179.526
ILE  -59.400 -178.504
ILE  -74.724  -73.215
ILE  -62.457  170.280
ILE  -62.062  149.982
ILE  -59.595  155.770
ILE   80.888  149.502
ILE  -66.782  173.203
ILE  -61.550  161.131
ILE  -89.300  120.366
ILE  -58.544  150.197
ILE  -65.873  152.013
ILE  -64.671  156.151
ILE   66.303  148.249
ILE   69.620  149.231
ILE  -76.109  151.347
ILE  -64.262  141.060
ILE   55.999  133.320
ILE   52.075  155.521
ILE  -60.671  146.822
ILE  178.982  159.376
ILE -168.340   68.587
ILE   72.614  173.333
ILE  -50.698  174.393
ILE -166.282  152.597
ILE  -63.033  151.738
ILE   59.997  149.177
ILE  -72.234  162.683
ILE  -65.761  151.203
ILE  -60.944   90.867
ILE   62.221  154.061
ILE   59.296  171.131
ILE   68.851  153.287
ILE  -59.123  176.252
ILE  -61.135  162.661
ILE   60.951  175.430
ILE  -67.281  178.374
ILE  -56.323  154.027
ILE   58.557  159.481
ILE  -53.462  151.034
ILE  -57.221  169.661
ILE -153.812   67.311
ILE   52.536  163.631
ILE  -65.975  162.001
ILE  -62.836  147.655
ILE   66.980  170.509
ILE  -66.289  149.800
ILE  -61.974  167.152
ILE  -53.488   92.342
ILE  -71.200  151.720
ILE  -53.595  150.995
ILE  -40.384   97.689
ILE  -56.610  169.537
ILE  -53.728  161.761
ILE  -69.439  150.528
ILE -164.013  159.492
ILE  -62.807  147.588
ILE -177.806   59.637
ILE -160.442  174.736
ILE  -52.547  148.234
ILE  -52.680  -78.059
ILE  -70.146  150.530
ILE  -54.272  159.429
ILE  -57.944  155.196
ILE  -66.387   93.138
ILE  -72.761  -67.225
ILE   62.892  155.773
ILE  -55.095  175.839
ILE  -59.492   89.379
ILE  -70.056  166.352
ILE  -60.746  171.368
ILE  -61.272  170.010
ILE  -46.893  147.791
ILE   69.463 -179.690
ILE  -56.441  153.043
ILE -167.128  158.252
ILE  -61.923  154.728
ILE   62.868  165.289
ILE  -57.279  -52.849
ILE  -68.710  163.619
ILE  -68.553  158.484
ILE  -67.029  170.676
ILE  -71.581  155.974
ILE  -55.061   97.514
ILE   61.584  166.020
ILE  -71.460  153.306
ILE  -65.351  156.521
ILE   58.665  172.428
ILE  -67.140  145.278
ILE   55.931  165.460
ILE  -69.555  170.236
ILE  -68.132  154.265
ILE  178.861  153.045
ILE -169.830  143.689
ILE  -66.602   92.996
ILE  -55.062  165.459
ILE  -72.768  159.878
ILE -166.927  156.966
ILE   44.450  122.262
ILE  -60.957  179.950
ILE  -72.857  156.280
ILE  -63.511  166.414
ILE  -55.453  154.570
ILE   65.628  150.641
ILE  -44.052  129.379
ILE -160.790  145.545
ILE  -60.499  151.870
ILE  -64.486  173.591
ILE  120.614  166.133
ILE  -70.001  168.210
ILE  -80.201  -65.878
ILE   57.115  174.891
ILE   61.847  149.171
ILE   63.320  172.102
ILE  -67.021  172.306
ILE   60.379  168.118
ILE -165.283   58.855
ILE -178.721  176.393
ILE  -31.285  -54.595
ILE  178.253  168.699
ILE  -61.549  165.204
ILE  -68.137  147.160
ILE   62.083  163.360
ILE -162.491  165.926
ILE   60.965  124.329
ILE   -9.620  163.370
ILE   50.321  153.913
TRP -175.608   63.657
TRP  -69.798   52.104
TRP   70.384  -83.000
TRP -105.047  127.827
TRP -174.655  -79.358
TRP  -61.592   94.917
TRP  -53.779  121.531
TRP -172.581   74.457
TRP   55.561  -90.197
TRP -178.350   51.706
TRP -176.098   -2.405
TRP  -62.210   99.548
TRP -167.707   50.038
TRP   48.846  -96.526
TRP   64.488   98.982
TRP -174.854   47.103
TRP  172.939  -92.692
TRP  173.236   40.854
TRP  -47.427  134.611
TRP -175.216 -112.630
TRP  -56.920  105.933
TRP  -60.461  109.469
TRP  159.065 -121.291
TRP   60.012  -81.678
TRP  -56.984  108.289
TRP -175.283 -112.041
TRP   65.060  -80.401
TRP  -59.975  104.376
TRP   73.003  -75.121
TRP   65.325  -92.369
TRP  -62.849   99.911
TRP   60.304 -105.683
TRP  -73.549  104.717
TRP  -54.756  100.111
TRP   49.860  -89.586
TRP -178.299 -111.827
TRP -167.618  -17.341
TRP  -72.470   92.705
TRP  -69.423   -0.742
TRP  -72.905   79.801
TRP  -48.326  -21.280
TRP   68.754  -84.209
TRP -166.633   84.825
TRP  -81.003  -43.315
TRP  152.412 -101.514
TRP -174.754 -102.467
TRP   62.583  -91.004
TRP   48.131 -102.881
TRP -178.989   88.502
TRP   57.760  -72.769
TRP   56.250  -91.460
TRP -159.966   12.109
TRP  -74.086  105.934
TRP   63.279  -83.743
TRP  -44.572  126.112
TRP  166.476   64.974
TRP  -66.038   95.655
TRP  150.761 -104.367
TRP  -61.311   97.550
TRP   45.496   88.893
TRP  -65.035   86.652
TRP  -56.926  121.979
TRP  -71.147  106.029
TRP -174.547 -131.263
TRP   78.085   86.484
TRP   49.220   92.288
TRP  -76.553  -14.541
TRP  -54.808  -73.608
TRP  -49.532  105.273
TRP  -74.488  -81.414
TRP   38.760 -108.719
TRP -164.300 -120.694
TRP -165.509  101.359
TRP  -65.635  109.776
TRP -179.902  -85.077
TRP  173.221  -82.613
TRP  -68.161   89.159
TRP  -51.880  113.747
TRP  -77.822  104.481
TRP -173.046 -110.931
TRP -174.268   32.313
TRP -156.023 -116.250
TRP   71.602  -74.365
TRP -101.202  114.119
TRP   73.331  -93.636
TRP -175.346  -91.530
TRP  179.593   83.914
TRP -173.928 -107.169
TRP  -65.377  -43.893
TRP  -69.638  -83.434
TRP -174.540  -96.108
TRP  -73.009   51.446
TRP  -76.869  103.960
CYS -171.278
CYS  -80.040
CYS  179.521
CYS  -65.889
CYS -157.661
CYS  -55.097
CYS  -70.282
CYS   65.590
CYS -161.598
CYS  -53.040
CYS  171.147
CYS   42.617
CYS  175.125
CYS  -84.714
CYS  -61.938
CYS  -67.346
CYS -152.425
CYS  174.120
CYS  175.424
CYS  -60.089
CYS   63.391
CYS  -52.863
CYS  -76.632
CYS  -66.509
CYS  -52.443
CYS   57.029
CYS   73.595
CYS   77.426
CYS   67.019
CYS  -85.560
CYS  -81.225
CYS  -70.832
CYS  -60.304
CYS  -59.844
CYS  -62.361
CYS  -63.952
PHE  -74.159  -57.068
PHE  -66.538  -85.062
PHE -177.877   55.956
PHE  -79.306  126.244
PHE  -69.185  -71.137
PHE  163.265   65.728
PHE  -54.985   90.577
PHE  -64.916  -53.261
PHE  177.483  -86.825
PHE   62.451   90.676
PHE  177.332  -82.040
PHE -165.907   94.108
PHE  -54.825  -30.400
PHE  -68.734  -64.830
PHE  179.467   63.314
PHE   80.673  -80.397
PHE  -79.726   28.323
PHE  -83.902  -50.521
PHE  -64.254  -61.957
PHE  176.203   68.021
PHE -162.847   86.094
PHE  -47.799  -56.587
PHE -169.745   55.329
PHE   60.087   87.022
PHE  -99.062  129.219
PHE  -62.501  -67.288
PHE  -53.462  -63.152
PHE -174.945   68.182
PHE -171.604   85.672
PHE   54.863   74.074
PHE  -67.332  -69.409
PHE  -57.464  -50.130
PHE  -65.821   78.095
PHE  -70.780  145.861
PHE  -60.646  -53.129
PHE -179.836   90.426
PHE -161.119   33.349
PHE   67.261 -103.170
PHE  -63.906 -118.709
PHE -169.166   53.032
PHE  -45.848  -64.002
PHE   74.387   89.765
PHE  176.363 -101.241
PHE  -68.342  113.430
PHE -179.564   72.208
PHE  178.475   63.905
PHE  -73.701  -62.033
PHE  -56.133   93.865
PHE  -71.301  111.667
PHE  -54.148   95.163
PHE  -75.644   89.343
PHE   63.671  -92.630
PHE  -86.988   81.789
PHE  -81.518  -70.523
PHE  -79.756   87.160
PHE  -59.904   88.639
PHE  -76.442   83.065
PHE  -61.104   -4.851
PHE -163.603   57.869
PHE   64.014  -79.727
PHE -132.886  -51.808
PHE  -35.849  -79.517
PHE -144.359  -42.477
PHE  -54.294   82.153
PHE  171.693   99.206
PHE  179.950   81.460
PHE -175.702   81.920
PHE   74.267   86.748
PHE  -72.770   92.818
PHE  176.452   50.784
PHE -161.669 -130.882
PHE  -86.685  -86.432
PHE  -57.342   87.596
PHE   52.627   83.421
PHE  -68.990  -95.545
PHE  -67.571  -72.247
PHE  -46.687   96.397
PHE   42.988   85.060
PHE  -68.825   83.792
PHE -169.443   87.292
PHE -173.442   31.266
PHE -173.815 -171.288
PHE   64.537  -84.910
PHE  179.702   70.515
PHE -172.888 -146.430
PHE  -79.754   70.037
PHE -167.763 -111.179
PHE  -57.656  -21.096
PHE  -62.247  -61.728
PHE   79.845  -82.314
PHE  -83.439   23.977
PHE  -90.999   21.646
PHE   42.178   83.537
PHE  -87.659  111.588
PHE -176.789   68.745
PHE  179.852  -98.301
PHE  -47.162  -63.342
PHE  -58.189   83.087
PHE -171.564   94.863
PHE  -69.729   76.546
PHE  -60.335   93.868
PHE   66.435  -95.079
PHE  -73.184   71.500
PHE  -85.869  -55.704
PHE  -64.967   87.718
PHE  -53.327  -78.982
PHE  -53.411  -82.860
PHE  -65.990  -81.406
PHE  171.225   84.502
PHE  167.436   82.036
PHE -165.242   85.807
PHE  -82.550   73.132
PHE -139.304  -70.373
PHE  -58.716   92.515
PHE  171.302  -97.978
PHE  -62.151   79.858
PHE -174.129   87.385
PHE  166.252   73.499
PHE  172.916   86.728
PHE  -56.021  102.790
PHE  -76.909  -95.423
PHE   60.371   76.222
PHE -171.979  -81.548
PHE  -54.437  -67.991
PHE -150.686   62.900
PHE  174.494   73.949
PHE  -90.180  -79.722
PHE  174.984   82.550
PHE  -63.111  -74.930
PHE -157.117   79.525
PHE -171.458  -65.750
PHE   66.052   87.594
PHE  -75.630   85.028
PHE -178.019   91.048
PHE  176.550   42.994
PHE -168.309  100.752
PHE -169.330  105.512
PHE  -53.800  -66.136
PHE -175.747   63.275
PHE -177.436   76.426
PHE -163.993   77.809
PHE  177.728   91.383
PHE  170.879   69.631
PHE   72.722  102.434
PHE   64.892   95.884
PHE   68.092   97.646
PHE  -50.064   96.368
PHE  174.508   71.895
PHE  -59.979  -41.182
PHE  -67.110  -65.321
PHE  -62.183  -65.238
PHE  169.886   73.266
PHE  -73.085  -64.478
PHE  -64.651  -92.870
PHE  -47.054  -71.061
PHE  179.026 -101.578
PHE  164.711  -94.278
PHE  -80.182   -7.700
PHE   71.691  -80.705
PHE  -61.021  104.470
PHE   82.090   89.211
PHE  -47.233  -54.174
PHE  -78.890   -2.577
PHE  172.505   66.815
PHE  -74.417   95.753
PHE -177.743  101.398
PHE  -81.214   83.816
PHE -141.529  -36.159
PHE -172.481   11.790
PHE  -71.725  -68.988
PHE  172.352  -91.458
PHE  -72.150  -86.862
PHE -141.820  -86.419
PHE   72.672  -82.203
PHE   64.597   77.786
PHE  -64.772  -12.582
PHE   55.566  -86.976
PHE  -73.431   29.444
GLN   62.346 -179.141 -145.221
GLN  -72.365   85.169   -1.124
GLN  -62.406 -164.654  -13.315
GLN -177.064  175.832 -124.948
GLN -170.378   75.799   -0.594
GLN -164.753  175.576  171.700
GLN  -56.004 -172.106  108.382
GLN  -67.438 -154.989   -2.850
GLN  -70.902 -178.248  -18.829
GLN  -75.106   85.151    0.048
GLN  -61.297  -67.055   -6.716
GLN  -53.135  -57.534  -52.366
GLN  -68.056  174.862 -124.837
GLN  -70.282  -48.549  -50.571
GLN  -61.059 -165.340  -59.390
GLN  -69.493  -64.511  -22.439
GLN  -65.099  178.583  -28.942
GLN -157.951  176.856  -68.112
GLN  -67.145  175.056   12.691
GLN  -83.408  -64.688  -89.930
GLN  -72.931  -58.807  -43.582
GLN  -72.049  -59.648  -42.373
GLN  -87.616   68.135 -118.652
GLN   61.197 -164.088   52.245
GLN  -81.050   57.685   52.270
GLN  -72.838   78.231   16.395
GLN -172.177 -166.905   82.063
GLN   54.040 -171.648   40.189
GLN  -49.987  -59.017  -57.596
GLN  -69.424  163.534   95.367
GLN -164.834  179.550   91.212
GLN  170.741  -76.921  -20.380
GLN  -47.566  -64.736  -44.906
GLN  -71.568  174.550    9.203
GLN  -57.314 -177.943   34.219
GLN  -78.469   78.096 -134.583
GLN   63.266 -172.503  -22.981
GLN   69.417  176.951  110.649
GLN -177.631 -177.071  -10.135
GLN -159.824   68.815  -14.617
GLN  -49.128  -57.238  -36.849
GLN  -48.788  -53.690  135.727
GLN  -73.907  174.431  -12.086
GLN  -61.978  167.275   93.788
GLN  -68.012  -64.627  -18.685
GLN  -65.519 -161.228  109.601
GLN  -69.938 -174.159 -124.295
GLN  -68.367  -87.432  148.333
GLN  -59.456 -179.017  -30.166
GLN  -68.974  166.593   84.765
GLN  -59.161 -173.294  -51.140
GLN -178.288 -105.389  -41.137
GLN  -76.204  163.087   -3.401
GLN  -68.494  -70.609  -84.427
GLN   64.535  178.064 -124.221
GLN -176.265  176.916  -55.164
GLN -179.372  162.683   67.304
GLN  -54.776 -177.418 -101.815
GLN -171.380   58.244   44.384
GLN   55.039 -177.693   79.060
GLN  -75.978  -58.265   92.610
GLN  -60.651  178.087  -43.972
GLN  -61.885 -179.923   79.180
GLN  -45.558  -66.180  -59.602
GLN  -71.813 -178.103   22.093
GLN  -74.941  171.475   -2.661
GLN  -55.608   98.216  -28.725
GLN   77.107  -87.876   35.938
GLN -158.078 -179.795  -19.938
GLN  -53.894  116.941  -38.431
GLN  -59.846 -166.757   51.072
GLN  -64.009  179.033   96.753
GLN  -52.841  -65.600  -42.410
GLN -174.902  171.626   10.765
SER   45.309
SER  -56.787
SER  172.409
SER  -41.607
SER   54.447
SER  -51.310
SER   65.127
SER -178.776
SER  -43.727
SER   57.587
SER -177.325
SER  -57.286
SER   65.347
SER  -73.018
SER   59.621
SER -162.039
SER  178.123
SER   61.224
SER  167.901
SER  168.891
SER  -63.636
SER  -80.959
SER   65.723
SER   63.483
SER  -62.096
SER   69.201
SER -179.253
SER   60.023
SER  -76.185
SER  -50.155
SER  176.969
SER   59.556
SER  -66.157
SER -179.181
SER  -39.989
SER   65.068
SER   60.510
SER  -80.053
SER   78.569
SER   61.525
SER -179.256
SER   77.041
SER   68.282
SER   64.627
SER  -65.697
SER   63.616
SER  -72.871
SER  -69.335
SER  -59.360
SER   63.267
SER   65.477
SER   50.387
SER   46.369
SER  -65.172
SER -172.361
SER -162.016
SER  -59.159
SER   62.601
SER  168.161
SER   58.626
SER  -64.742
SER  -95.123
SER  -70.809
SER  -74.214
SER -167.886
SER   53.978
SER  -73.053
SER -178.734
SER  -58.983
SER -174.861
SER   52.001
SER   82.834
SER   59.225
SER -168.396
SER -167.218
SER  -58.997
SER  177.419
SER   61.566
SER   68.330
SER   69.816
SER  173.745
SER   99.603
SER  -71.292
SER   76.502
SER   79.447
SER  159.732
SER  170.265
SER   68.056
SER  -95.609
SER  -52.659
SER  -64.435
SER -146.136
SER -173.933
SER -174.760
SER   65.656
SER   53.517
SER   67.793
SER   62.878
SER  -70.136
SER  -65.863
SER  172.386
SER  -63.264
SER  -65.129
SER  -74.261
SER   65.830
SER  -68.300
SER -179.511
SER   75.519
SER  174.284
SER   58.940
SER  -69.670
SER   88.125
SER  171.340
SER   41.921
SER  170.009
SER -178.462
SER   62.129
SER   81.482
SER   46.811
SER   66.214
SER  170.309
SER  175.596
SER   65.792
SER   76.384
SER -163.106
SER  -68.083
SER  -65.348
SER  -68.683
SER   58.659
SER   39.161
SER   44.623
SER   69.266
SER -173.672
SER  -66.459
SER  -55.542
SER   60.765
SER  -59.463
SER  -57.848
SER -170.418
SER   70.863
SER   87.197
SER   65.696
SER   72.777
SER   49.038
SER -169.650
SER -165.509
SER  -73.519
SER  -61.309
SER   86.175
SER  -58.273
SER  -65.269
SER   66.681
SER  143.041
SER   49.418
SER   55.916
SER   61.109
SER  163.626
SER   59.925
SER  -65.911
SER  176.255
SER   75.415
SER  -70.272
SER -175.965
SER   66.936
SER   81.734
SER  -59.519
SER  -85.597
SER -153.730
SER   66.638
SER   60.274
SER  -60.705
SER   61.648
SER  -50.136
SER   53.488
SER -166.905
SER   75.531
SER  166.506
ASN   33.626   52.092
ASN -101.741   71.579
ASN  -77.874  -26.845
ASN -176.811  -78.968
ASN   16.489   77.220
ASN  -63.473  -18.728
ASN   64.113  -10.045
ASN  -64.448   86.699
ASN -178.122   36.527
ASN  173.229  -73.429
ASN   55.252  -29.146
ASN -165.659   65.322
ASN   57.161   67.669
ASN -179.424   60.392
ASN  -60.980  -31.441
ASN  -69.549  -10.750
ASN  -73.520   23.659
ASN  169.058 -129.251
ASN  165.406  -92.813
ASN   76.204  -12.458
ASN -170.024  -12.161
ASN  -63.770   81.119
ASN  -65.885  -97.035
ASN  -80.556  -49.561
ASN -167.952   42.592
ASN -172.072  -42.346
ASN   62.474  -18.031
ASN -174.937 -145.317
ASN   66.599  -64.120
ASN  -72.248  -34.856
ASN   58.868  -13.147
ASN -172.786   77.658
ASN   53.660  -28.416
ASN   63.523  -73.000
ASN  -67.430   90.228
ASN  -51.288  -49.201
ASN  -55.226  -47.847
ASN -171.125 -126.688
ASN  -62.224  -36.919
ASN  -72.107  -22.672
ASN -152.134  -23.863
ASN -155.493  -24.429
ASN  -77.296  -13.996
ASN  -53.850  -37.183
ASN  -64.972  -38.645
ASN -179.484  -10.736
ASN -176.348   26.446
ASN  -88.405   36.473
ASN  -73.684   18.339
ASN  -88.370  -20.269
ASN -152.814  -10.758
ASN  -75.610  -57.091
ASN   52.740   40.008
ASN -173.296  -23.668
ASN   62.772   54.671
ASN  -70.985  -63.713
ASN  -65.282  -68.163
ASN -169.626   75.826
ASN -175.682   -2.353
ASN  -57.191  -39.665
ASN   81.794  -25.813
ASN  -58.347  -34.852
ASN  175.935 -110.334
ASN  -92.855  -39.483
ASN  -67.577  -24.357
ASN  -63.784  -30.180
ASN -170.319   45.254
ASN -172.841 -117.357
ASN -166.167   66.091
ASN  -68.811  -13.380
ASN  -65.372   -7.885
ASN -159.783  -44.486
ASN   63.409  -29.065
ASN -174.877  -23.088
ASN   58.002   12.822
ASN -171.415  -16.752
ASN  175.740   79.409
ASN  -84.724  -47.138
ASN -159.508  -65.988
ASN  -71.083  -79.072
ASN  -65.605  -32.936
ASN  -68.583  -27.117
ASN  -77.756  -27.484
ASN  173.820   70.795
ASN -163.559  -25.128
ASN -169.065   -3.416
ASN -172.683   82.446
ASN -154.722   -7.508
ASN  -77.454  -17.690
ASN  -69.262  -60.874
ASN  170.650   22.418
ASN -165.040    9.600
ASN -163.335 -122.326
ASN  -64.269  -84.087
ASN -168.197   49.031
ASN   53.516   39.170
ASN -166.898   70.064
ASN  173.726   87.228
ASN -174.062   -4.256
ASN  -62.276  -40.588
ASN -147.351  -16.323
ASN -174.684   89.045
ASN  -62.964  100.168
ASN  176.723  -91.068
ASN  -52.647  -58.741
ASN   69.836  -12.165
ASN  -74.813  -57.445
ASN -169.277   43.358
ASN -172.515   41.478
ASN  -87.105  -19.534
ASN   58.684   50.015
ASN  -82.349  -38.335
ASN   72.002  -70.769
ASN -167.155   59.046
ASN -179.339  -62.287
ASN   70.137   24.508
ASN -167.564    6.763
ASN  -66.687  -22.481
ASN -174.995   66.456
ASN -171.422  -38.629
ASN  -63.482  -77.401
ASN  171.979   49.029
ASN  -67.588  -31.109
ASN -168.703 -131.973
ASN -161.295  -26.082
VAL -145.386
VAL  175.648
VAL -171.555
VAL -176.677
VAL   76.434
VAL -174.799
VAL  176.266
VAL  174.465
VAL  -65.685
VAL   71.386
VAL  175.238
VAL   73.939
VAL  -60.534
VAL  143.231
VAL   60.633
VAL  172.084
VAL  163.037
VAL   69.940
VAL  178.517
VAL  -65.216
VAL  161.339
VAL  171.526
VAL  -59.297
VAL  175.064
VAL  177.420
VAL  -69.024
VAL  176.069
VAL  -64.300
VAL  -61.573
VAL  165.399
VAL  179.481
VAL -161.974
VAL -175.989
VAL -160.536
VAL  178.191
VAL  -65.053
VAL  170.678
VAL  -57.058
VAL   67.505
VAL  171.438
VAL  164.028
VAL -175.010
VAL -173.183
VAL  164.600
VAL  164.668
VAL  161.932
VAL  175.868
VAL  169.582
VAL -177.686
VAL  175.697
VAL -169.191
VAL  169.958
VAL -177.648
VAL -176.338
VAL  164.230
VAL  -65.674
VAL  170.412
VAL  175.493
VAL -161.619
VAL -163.297
VAL  171.796
VAL  -52.360
VAL  169.273
VAL -178.208
VAL -178.849
VAL  -39.958
VAL -177.981
VAL  174.777
VAL  -53.766
VAL  -62.514
VAL  -49.938
VAL  -62.056
VAL  175.523
VAL -174.908
VAL   63.210
VAL  162.212
VAL   66.444
VAL -170.884
VAL -174.994
VAL  173.266
VAL -178.396
VAL -178.294
VAL   72.240
VAL -179.002
VAL -174.696
VAL   72.544
VAL -179.948
VAL  179.733
VAL  177.092
VAL   58.934
VAL  -85.312
VAL -173.971
VAL  178.462
VAL  177.055
VAL  177.738
VAL  178.995
VAL  178.386
VAL  -75.783
VAL  178.724
VAL -179.295
VAL  -64.313
VAL  -79.789
VAL  174.194
VAL  170.959
VAL  173.276
VAL  -70.877
VAL -175.720
VAL   46.241
VAL  -59.003
VAL  172.313
VAL  170.176
VAL -177.536
VAL -178.893
VAL -179.455
VAL  -39.028
VAL -178.952
VAL  -66.618
VAL -176.046
VAL   65.716
VAL  179.825
VAL  174.468
VAL  -32.947
VAL -179.081
VAL   65.460
VAL  172.445
VAL   65.493
VAL  176.139
VAL  165.004
VAL -172.870
VAL  170.912
VAL  174.563
VAL -156.746
VAL  167.092
VAL  172.002
VAL  165.940
VAL  177.649
VAL  174.570
VAL -179.851
VAL  -68.708
VAL  163.211
VAL -172.471
VAL  179.426
VAL   64.049
VAL  -53.363
VAL  -52.494
VAL   75.217
VAL  -51.590
VAL -177.627
VAL -170.884
VAL  177.526
VAL -178.027
VAL  -60.300
VAL  175.540
VAL   80.409
VAL  -54.660
VAL -177.567
VAL   65.751
VAL -178.054
VAL  -68.181
VAL  -38.974
VAL -178.470
VAL   77.067
VAL  169.688
VAL  -62.793
VAL -178.183
VAL  169.287
VAL  170.708
VAL -164.282
VAL -176.365
VAL -177.907
VAL  173.376
VAL  -63.368
VAL  -55.448
VAL  -56.199
VAL  -67.213
VAL   67.006
VAL  -71.463
VAL  172.168
VAL  167.402
VAL  170.656
VAL  166.575
VAL  179.755
VAL  170.718
VAL  -68.780
VAL  -23.276
VAL  -65.070
VAL -178.869
VAL  -64.196
VAL  -69.261
LEU  -76.887  164.628
LEU  -86.062   96.930
LEU  -57.957  170.586
LEU  -63.695  163.449
LEU -148.507   38.418
LEU  178.528   67.693
LEU -176.248   54.462
LEU  -63.468  162.381
LEU  -56.845 -172.659
LEU -109.315   36.082
LEU  -74.102 -179.726
LEU  175.202   57.165
LEU  -74.471  176.340
LEU -162.581   62.151
LEU  -50.557  177.576
LEU -179.288   74.502
LEU  -64.386 -166.107
LEU  169.119   68.161
LEU  -64.656  169.419
LEU  -63.116 -179.013
LEU  177.893   54.913
LEU  177.568   64.132
LEU -175.251   63.207
LEU  -62.284  170.555
LEU -177.822   59.402
LEU  -84.765   64.424
LEU  -45.886  168.612
LEU  -53.839  176.031
LEU  -70.638  174.772
LEU  -52.665  169.148
LEU  -73.677  175.255
LEU  -58.689 -174.351
LEU  176.433  152.407
LEU  -63.187 -176.505
LEU -175.814   58.552
LEU -176.435   57.834
LEU  -74.261  171.808
LEU  -57.508  158.936
LEU  -66.877 -178.161
LEU  -78.280 -160.807
LEU  -85.579  171.599
LEU  -63.856  178.568
LEU  -76.617 -176.988
LEU  175.148   63.183
LEU  -54.045  173.315
LEU  -70.247  177.378
LEU  -60.665  172.936
LEU  -73.986  173.277
LEU  -48.319  177.709
LEU  -74.104 -176.880
LEU  -62.508  173.150
LEU  -60.043 -178.511
LEU   76.955 -118.568
LEU  -55.726  179.299
LEU  -58.111  175.588
LEU -168.263   63.004
LEU  -71.890 -176.876
LEU  172.723   55.170
LEU -178.817   51.098
LEU  -72.252 -154.954
LEU  -61.163  174.939
LEU  -71.730  159.705
LEU  -94.600  160.340
LEU -169.079   79.960
LEU  -60.222  158.304
LEU  -63.290  164.989
LEU  -60.700 -175.242
LEU  -41.690 -163.123
LEU  -61.135  174.753
LEU -164.697   67.427
LEU -165.464 -140.383
LEU  -57.253 -169.469
LEU  -76.729  -58.825
LEU  -57.006 -172.286
LEU  -62.210  176.673
LEU  -66.377 -174.066
LEU   60.394   78.274
LEU  -89.307   30.587
LEU  -60.912  175.018
LEU  177.705   68.277
LEU  178.111   62.392
LEU -177.679   60.488
LEU  -59.040 -173.866
LEU  173.711   47.397
LEU  -74.886 -176.962
LEU -176.186   62.775
LEU  -51.407  169.618
LEU  -65.681  163.771
LEU  167.678   67.530
LEU  -79.841   18.162
LEU  -55.975  165.836
LEU -165.960  175.151
LEU  -67.591  176.869
LEU  -63.303  176.721
LEU  -68.754  171.437
LEU -179.104   69.550
LEU  -64.026  173.676
LEU  179.295   58.518
LEU  -64.068  170.665
LEU  -62.744  171.188
LEU  -54.391  167.473
LEU  -67.963 -172.903
LEU  -69.536 -179.624
LEU -179.837   70.448
LEU -162.521 -106.795
LEU  151.429  -11.730
LEU -177.252   80.992
LEU  -84.820   13.656
LEU  -89.119   14.735
LEU  -67.768  179.751
LEU  -61.280 -176.984
LEU -175.476   63.069
LEU  -58.878  173.685
LEU  -49.757  172.175
LEU -173.732  158.436
LEU  176.261  151.205
LEU  174.825  -57.142
LEU -170.956   67.989
LEU  -61.653  173.323
LEU  -94.401 -167.393
LEU  173.250   61.885
LEU  -70.154  165.001
LEU  178.480   60.162
LEU  -77.161  175.263
LEU  -72.778  173.886
LEU  -78.000 -177.414
LEU  -62.741  173.405
LEU  -76.054  143.929
LEU  -64.117 -171.797
LEU  178.856   54.659
LEU  -86.195   68.614
LEU  171.857   57.702
LEU  176.653   67.185
LEU  -56.554 -179.040
LEU  -52.387   95.321
LEU  -52.427  172.333
LEU -102.369   20.814
LEU -139.730 -152.723
LEU -171.688   64.435
LEU  -59.082  172.376
LEU  -55.032  171.091
LEU  177.846   68.593
LEU  162.630   68.858
LEU -172.961   54.089
LEU  -66.643  170.720
LEU  -68.973  175.635
LEU  -68.953  110.946
LEU  -54.362  179.636
LEU  -44.821 -175.598
LEU  -62.522 -179.683
LEU  -52.470 -179.907
LEU  -72.205  173.362
LEU  172.588   60.686
LEU  -69.236  177.329
LEU  -55.930 -177.394
LEU  -64.407  174.449
LEU  -68.224  158.261
LEU  -81.339   44.382
LEU  -59.576 -179.833
LEU  -51.359 -170.058
LEU  -74.383  175.404
LEU  -70.545  159.084
LEU  -80.412  167.759
LEU  -73.713  157.193
LEU  -49.533 -177.214
LEU -170.164   74.668
LEU -174.783   60.159
LEU  -66.743 -179.109
LEU  -51.880 -172.462
LEU -177.693   65.076
LEU  -58.547  176.888
LEU  -62.804  169.095
LEU -178.135   41.822
LEU  -59.623  171.369
LEU  -72.607   56.130
LEU  -71.369  167.219
LEU  -54.312  173.559
LEU  175.912   55.372
LEU  -59.675  167.020
LEU  -66.115  166.879
LEU  -59.549 -173.000
LEU  177.652  146.042
LEU  -71.480  179.711
LEU  -63.049  174.289
LEU -179.357   55.008
LEU  -69.920   64.593
LEU  -60.365 -174.717
LEU -179.632   58.424
LEU   34.336   72.158
LEU -162.329   57.966
LEU -169.432   67.195
LEU  176.718   78.044
LEU  -68.488 -173.529
LEU -178.214   53.963
LEU  -54.563  174.881
LEU  -57.815 -178.172
LEU  -61.628  168.324
LEU  -70.020  162.991
LEU  -55.590  169.991
LEU  175.761   61.033
LEU  -68.001 -171.314
LEU  178.246   43.019
LEU  -54.370  163.970
LEU  163.968   67.142
LEU  -64.408  171.952
LEU  -58.878 -179.441
LEU  -73.291  172.732
LEU  -47.158  175.420
LEU  -51.197 -179.733
LEU  -76.007  174.144
LEU  -68.195  177.542
LEU  -55.981  167.212
LEU  175.816   62.129
LEU  -65.558  171.673
LEU  -81.087  -68.256
LEU  -50.732 -173.790
LEU  -66.605  174.846
LEU  -59.176  169.578
LEU  172.343   67.590
LEU -166.001  160.395
LEU -142.814 -151.673
LEU  178.634   66.369
LEU -169.662   57.643
LEU  -53.839  174.227
LEU  172.969   62.492
LEU   77.028  174.324
LEU  -60.763  178.662
LEU -176.367   77.150
LEU  -75.052   69.804
LEU  -64.382  162.645
LEU  -66.865 -178.784
TYR  -91.833   53.178
TYR  -77.512  -32.410
TYR -150.009   66.089
TYR -117.628  -61.787
TYR -152.640   90.697
TYR  -67.568  -40.826
TYR -170.321   83.552
TYR -168.167   76.365
TYR  168.476   64.400
TYR -149.274  158.569
TYR  -77.885  123.504
TYR  -58.576  178.526
TYR -170.518   51.991
TYR  -62.759  -64.800
TYR -174.942   79.526
TYR  -49.371  -71.529
TYR  -80.903   63.932
TYR  -88.058   84.078
TYR  173.002   72.909
TYR   53.016   83.613
TYR   84.572  -84.367
TYR  -65.649  -78.869
TYR  -73.541   21.504
TYR  -49.342  -60.422
TYR  -77.171  -83.543
TYR  -71.496   -7.050
TYR   88.716  -80.614
TYR  -67.211  -50.467
TYR  -71.658  165.493
TYR -177.587   78.301
TYR  -82.763  -37.052
TYR  -61.485  -77.599
TYR -154.791  -88.961
TYR  -81.931  -37.240
TYR -168.914   99.522
TYR  173.842   68.357
TYR  -71.656  -75.020
TYR -167.261 -119.367
TYR  172.051   24.987
TYR  -67.341  -96.251
TYR  -60.710   86.905
TYR  -65.887  -75.146
TYR  -64.589   97.764
TYR  -75.397   95.433
TYR  171.174   74.299
TYR  -73.210   75.609
TYR  -50.835  112.435
TYR -179.853   70.381
TYR  -86.449   49.034
TYR  -78.788  128.977
TYR  177.355  101.266
TYR   65.788   86.222
TYR -176.600   83.496
TYR -157.957   89.046
TYR -164.798   58.174
TYR -165.059   58.772
TYR  -70.644   -5.345
TYR  -70.025  -90.688
TYR  175.276  -88.158
TYR  -55.577  -90.127
TYR  178.975   85.644
TYR  -84.556  -16.313
TYR  -72.759  -24.085
TYR  -64.351   61.628
TYR  -67.413  -78.217
TYR  -71.134  -79.840
TYR  -74.234  -82.882
TYR  -64.503   87.402
TYR  -90.633   37.493
TYR  -86.894   17.551
TYR   52.196  -85.731
TYR  176.293  -83.482
TYR  -74.464   -8.137
TYR   75.180   80.230
TYR  -60.623  -25.491
TYR  -88.500   63.015
TYR  -80.695  101.507
TYR   69.681  -87.222
TYR   62.336   90.047
TYR  -55.565  -65.361
TYR   80.492   82.256
TYR  172.029  -68.649
TYR  -81.851  -57.551
TYR  -72.369  -11.681
TYR  -64.326   75.183
TYR -143.228  -44.427
TYR  -52.672  -68.725
TYR  172.542 -134.944
TYR  -43.076  110.834
TYR   41.909   80.139
TYR -164.762   54.312
TYR  161.775   73.185
TYR -167.379   62.093
TYR  -80.682  -71.739
TYR   49.500  -86.937
TYR -155.071   41.172
TYR  -64.758  -74.565
TYR  -76.700   73.499
TYR   59.135  -81.055
TYR  -72.334  -81.425
TYR  -79.824   75.078
TYR -175.561   82.005
TYR -162.889   19.402
TYR  -65.497   99.739
TYR -177.905   73.245
TYR -156.977   78.652
TYR  -57.569   88.098
TYR  178.249  -86.311
TYR -168.638   73.225
TYR   65.623  -75.973
TYR  175.855   73.945
TYR  -57.506  -80.442
TYR  -72.642  -91.842
TYR  171.386   88.584
TYR  165.589   85.900
TYR  -59.144  -88.276
TYR   66.542  117.955
TYR -164.219   51.080
TYR  -71.238   32.362
TYR -178.220  -80.073
TYR  -69.603  -49.107
TYR  -69.202 -100.892
TYR  -59.917  -77.839
TYR  -62.006  111.006
TYR  -77.217  109.484
TYR  -52.970  -37.162
TYR  -73.465  -56.287
TYR  166.275   45.325
TYR  175.053   70.976
TYR  -69.712  -84.001
TYR   80.818  -71.166
TYR  171.422   88.693
TYR  -54.944   89.344
TYR  -62.150  -84.393
TYR  -59.184  -69.432
TYR  173.789   78.228
TYR -157.744  109.956
TYR  -54.502   79.927
TYR   73.875   81.868
TYR  -53.200  -62.207
TYR  175.381   70.574
TYR  -64.171  -86.071
TYR  165.807   87.848
TYR  -63.524  -38.909
TYR  -80.263   21.031
TYR  173.688   51.541
TYR  179.648  124.670
TYR -161.496   85.561
TYR  -60.417  100.418
TYR  -59.292  109.287
TYR -176.397   63.976
TYR   63.494   87.617
TYR   63.736   83.655
TYR  179.796   58.950
TYR  163.228   91.315
TYR   59.755   90.037
TYR  157.672   66.114
TYR -177.222  -79.780
TYR  174.831  -99.147
TYR -139.339 -113.524
TYR  170.963   73.071
TYR  -74.944  -99.837
TYR  -74.621  -22.239
TYR  -62.647  -45.103
TYR -172.345   80.843
TYR   60.546   94.162
TYR  172.722   78.162
TYR  -47.967  -46.476
TYR  -79.554  -71.261
TYR -161.757   56.707
TYR  -67.662  -83.483
TYR   67.952   87.788
TYR  -41.846  -53.582
TYR -171.890   90.763
TYR  174.490   51.479
TYR  -69.211  -65.383
TYR -176.821   18.080
TYR  -63.097  -50.135
TYR -164.464   88.893
TYR -166.159   76.377
TYR  -74.556   16.551
TYR   57.082   89.037
TYR  -86.181  129.720
TYR  -74.831  -92.670
TYR  174.469  -90.445
TYR  -68.333  -86.194
TYR   86.604   67.512
TYR   62.259    2.757
TYR   73.027  -90.423
TYR  -76.486   37.914
TYR  -83.012   68.058
GLU  -66.565  -65.519   19.809
GLU   58.294  163.133  -35.136
GLU -105.933  -50.526  -24.371
GLU  166.314   83.179  110.295
GLU  -60.802  -56.193   -3.291
GLU  -72.982  163.950   14.297
GLU  -72.758  161.788  -16.036
GLU   59.923  169.716   34.683
GLU  -62.608   75.763 -156.802
GLU  -60.597 -161.082   35.509
GLU  -63.959 -160.014   -3.256
GLU  -68.558 -170.012   24.384
GLU  -66.022  155.813  -30.510
GLU   70.784  177.863  -22.829
GLU   26.957  -73.314  -44.891
GLU  -56.759  171.628  -62.574
GLU -165.034  164.956  -60.168
GLU   54.057 -175.391   55.137
GLU -166.106 -176.599   79.137
GLU  -61.309  -63.398    6.263
GLU  -69.826  174.880  -15.199
GLU -177.302 -179.198 -109.392
GLU -178.974  177.123 -164.665
GLU   80.975  -89.006   30.312
GLU  -64.279 -161.868  -37.991
GLU  -69.084  173.461   32.163
GLU  -63.166  179.403  163.491
GLU   81.671 -169.048  155.752
GLU  -62.524   92.144  -12.537
GLU  -54.624  -67.418   13.159
GLU  -43.301  -66.866 -153.850
GLU  -68.828  -51.729  -25.113
GLU  -65.735 -166.474  -38.548
GLU  -53.169  178.388   -7.072
GLU  173.027  161.796   26.379
GLU  -63.957 -176.141  -30.168
GLU  -70.265   88.448  -28.858
GLU  -72.283  174.704  -19.320
GLU -161.914  -93.266  -12.906
GLU -104.429 -176.812  -55.387
GLU  -80.990   90.291  -25.702
GLU  -53.363  -66.020  -23.868
GLU   77.706  -79.922    3.779
GLU  175.380  156.693   63.495
GLU -178.484  178.757   13.657
GLU  -59.452  -49.485  -55.658
GLU  -74.314  -59.487  -52.196
GLU -176.836  -93.443  130.497
GLU  -46.379 -176.637   22.555
GLU  -69.091  -66.316  126.746
GLU -160.648   52.650   44.563
GLU  -72.347 -167.943   25.892
GLU -179.588  178.983   29.883
GLU  170.346 -164.749   59.712
GLU  -68.523 -173.521   35.316
GLU  176.217  165.883  171.754
GLU  -99.694 -170.126  175.018
GLU  -52.701 -116.577  -32.375
GLU -173.386 -139.298   11.006
GLU  -73.301  176.447   41.372
GLU  -69.381  176.568    4.835
GLU  -80.687  174.495  -36.566
GLU   98.577 -169.863  -77.081
GLU  -76.330 -174.182  136.153
GLU -179.966 -179.046   -5.173
GLU  -75.567 -175.342  -82.910
GLU   66.356  -93.645    6.020
GLU -172.307  172.347   80.230
GLU  -75.394 -176.325  -21.199
GLU   58.651   83.671 -151.141
GLU -166.138  -89.905  -49.703
GLU -178.159   49.227   52.693
GLU -176.372  174.416   -4.469
GLU  -63.787  162.862  -26.923
GLU  -81.641  -70.361  -52.076
GLU  -57.555 -171.371  -42.549
GLU  -71.809  171.151    6.356
GLU  -60.960 -177.169   24.668
GLU -164.449 -178.623  -28.209
GLU  -62.264   91.871  -18.318
GLU  -59.322 -179.545   35.991
GLU   62.496 -178.907  -65.608
GLU   68.981 -165.470  -59.429
GLU  -56.074  179.231  -39.989
GLU  -80.588 -175.544  -84.117
GLU -175.259  177.225 -172.927
GLU  173.827  176.770   56.488
GLU   75.455 -175.446  -75.152
GLU  -54.815 -173.354  -33.993
GLU -168.218 -163.594   -6.708
GLU  -67.681  -74.442   -1.931
GLU  -56.546   80.200   44.293
GLU  -47.345  -53.548   -0.394
GLU  -58.387  -90.051   18.302
GLU  -56.109  162.776  -34.683
GLU  -57.399  177.285  179.062
GLU  -54.857   94.107  -19.964
GLU  179.055 -172.971   13.920
GLU  -59.914 -172.262   11.406
GLU  -57.351  -72.431  -18.959
GLU -141.453  -62.452 -164.907
GLU  -74.582 -176.801  -35.055
GLU  176.730 -174.526    7.360
GLU -176.199 -164.181   -5.219
GLU  -22.347 -176.855   62.279
GLU -179.503 -178.260 -175.453
GLU  -62.536 -157.069    0.918
GLU  178.713  170.470  -81.219
GLU  -57.452 -146.925  -38.642
GLU  172.220  165.657 -160.133
GLU  -87.647  -80.859   27.236
GLU  171.258   55.537   54.107
GLU  166.395  -87.689  -51.251
GLU -175.178   75.060   -6.326
GLU  -71.278 -150.992   80.434
GLU -171.970 -175.460   11.389
GLU  -56.672  174.575   12.576
GLU  -47.724 -172.223    7.137
GLU  -75.114 -178.659 -104.144
GLU  -64.509   89.724    9.689
GLU   61.191   95.182  159.938
GLU  -49.896 -170.322   88.153
GLU  174.695  172.195    1.752
GLU  178.733  177.641   14.685
GLU  -64.641  170.180    7.403
GLU  -62.049 -178.455  -63.425
GLU  -65.183  -73.978  -14.193
GLU  -70.791  -73.130  -10.864
GLU  -62.352  -59.958  -48.059
GLU  -68.751 -176.661  -33.365
GLU  -45.006  -71.775   -0.681
GLU  -49.987 -169.658  -26.932
GLU  -71.844 -171.374   16.969
GLU  -67.855 -171.916  -57.744
GLU  -62.829  158.802  -34.610
GLU  -77.613 -177.148    0.841
GLU -170.403 -177.420  -74.350
GLU   67.573 -171.951    5.533
ARG  -66.113  164.781  175.792  152.162
ARG  -78.252  170.159  170.309  172.493
ARG -164.474 -157.428 -168.612 -179.460
ARG   28.850  157.464  158.725  156.736
ARG -111.051  175.667  103.767 -137.447
ARG  -84.693  176.496  -83.635  156.507
ARG  -68.794  174.001  177.907  124.410
ARG  174.322   52.602   70.602  169.125
ARG  -76.773  160.467   55.865   74.016
ARG  -69.094 -179.162 -177.658  170.475
ARG  -87.145 -151.560   73.757 -164.120
ARG  -58.290 -179.450  157.393 -166.356
ARG  171.474 -147.536  -77.305 -143.805
ARG  -64.304 -170.319  172.667  177.925
ARG  167.423  176.692 -177.794 -170.074
ARG   82.759 -166.871 -164.946 -110.453
ARG  -79.311  167.885 -161.450  170.795
ARG -163.961  176.151  -58.640  -70.325
ARG -171.289 -148.209 -145.533 -152.170
ARG  -69.697  179.044 -175.300  160.875
ARG  -69.698 -169.803  178.223  -72.884
ARG  -65.453  168.057  172.773  150.404
ARG -174.453 -163.878   69.161 -179.930
ARG   64.561  175.381  169.044 -171.482
ARG  -69.638  171.990  -78.091  141.665
ARG  -63.263  175.393  171.191   93.061
ARG  -79.838  160.417   69.556   88.749
ARG  178.036 -178.662 -169.503 -106.853
ARG  -76.056  176.657   62.533   69.009
ARG   63.804 -161.899  178.005  -82.092
ARG  -65.683  170.087  177.187  133.577
ARG  -83.088  159.366  -37.797  160.692
ARG -149.520 -156.129   77.989  175.115
ARG -165.380 -171.340  -92.646  -96.214
ARG -171.938   68.172 -171.017   83.299
ARG  169.977 -175.960  171.289   69.074
ARG -177.006   53.991 -172.443 -175.382
ARG  -83.867   39.488  177.861  -70.033
ARG  -69.069 -169.113   60.096   68.828
ARG -175.628 -177.578  -64.993 -176.601
ARG   90.669  155.691   50.100 -103.503
ARG -158.942 -115.960  -52.330  165.650
ARG  -54.087 -108.010 -108.679 -142.839
ARG  -60.532  -68.984  175.647  -77.403
ARG -110.582  108.675   74.630  160.588
ARG  -65.187  171.330  -72.102 -176.593
ARG  -82.256  -82.543  161.682  168.384
ARG  -68.203  -67.195 -163.844 -177.847
ARG  178.324 -177.869   52.757   73.430
ARG  -64.688 -132.107  -91.970  154.531
ARG  179.897  167.525  164.388   81.525
ARG   71.509   87.938 -173.256 -179.955
ARG  -62.366  176.550 -170.963  171.328
ARG  -54.779 -157.731   66.093  152.983
ARG  -49.850 -178.785  162.573 -158.846
ARG  -65.495  171.498  -59.455 -159.573
ARG  -69.289  -63.306 -178.266  175.353
ARG   72.199  178.120 -161.729  -69.650
ARG  -67.271  176.608 -178.964 -179.024
ARG  -67.410 -175.868  -56.571  167.894
ARG -176.342  -87.650  -56.671  176.210
ARG  167.066 -162.556 -178.173 -112.110
ARG  -57.211 -113.175 -165.250  -85.393
ARG  -81.727 -165.509  171.814 -171.560
ARG  172.409  172.850   60.592   86.762
ARG -171.597  170.809 -163.316 -135.530
ARG  -58.673  101.475 -177.436  -74.677
ARG  -81.175  -45.286  -86.062  -75.031
ARG  175.049  163.794  -55.122 -163.747
ARG  175.021 -160.743   38.738   82.189
ARG  -79.045 -138.577 -171.910   68.182
ARG  -50.913  -60.129  173.050  167.917
ARG  -73.592  178.559 -133.196  130.330
ARG   76.511  158.431  166.495   79.042
ARG  -52.360  170.184 -175.966  147.720
ARG  -74.570 -170.120  -83.496  -88.252
ARG  157.619  146.356 -166.858  116.252
ARG  174.965  163.373  178.935  159.678
ARG  -46.695 -131.775  -80.465 -149.105
ARG  -80.301 -155.782   66.977 -164.370
ARG  -60.390 -159.908  171.907 -168.366
ARG  176.230  176.714  173.433  172.870
ARG  -70.545  174.427 -178.848 -159.430
ARG   55.175 -147.568   57.876   82.037
ARG  -65.791  -98.290 -178.563 -141.517
ARG  -41.316 -164.174 -170.577 -138.961
ARG  -67.808  -75.427  -71.998 -171.317
ARG  -69.880  168.336  177.146  157.530
ARG -165.819 -173.680  -58.722  -74.823
ARG  -69.310 -174.756  -78.433  -83.247
ARG -165.465  174.937  -65.246  -98.110
ARG  -71.878 -162.268  -56.499  -86.166
ARG  176.169  173.275  -69.430  -79.314
ARG  -68.515  169.349  -69.948  178.181
ARG  -64.055  -66.969  174.611 -154.558
ARG  -53.294 -113.203  -46.014  144.054
ARG  -66.782  -65.289 -176.279  -94.895
ARG -179.522  179.453  171.538  171.290
ARG  -71.679 -170.918   62.349   84.261
ARG   55.255  142.822  178.051   84.895
ARG  -97.406 -141.761   62.949 -145.990
ARG  -53.516  177.289  -68.247  -75.925
ARG  -55.420 -154.352   75.635  175.015
ARG   50.838 -158.252 -174.287  -94.639
ARG  -62.862  164.284  176.921 -168.232
ARG -179.103 -179.631 -176.616  -96.192
ARG  -59.457  167.175  -58.853  162.101
ARG -163.814 -166.343  167.763  -92.224
ARG -162.676 -161.271 -166.560  -79.273
ARG -174.476  172.444   63.224   71.940
ARG -173.454  175.388  163.034 -168.978
ARG  179.684  156.695  166.817   84.666
ARG  -77.913  138.086  173.161  106.533
ARG  -60.585  175.870 -171.141  179.240
ARG   83.560  -62.917 -169.424  -84.636
ARG   62.187 -168.090  177.244 -172.079
ARG -175.279   76.226  -91.145  151.117
ARG  -77.273  173.603  -52.274 -117.343
ARG  -74.620  -70.973 -179.442  -91.279
ARG -169.860 -167.080  -59.589  -78.061
ARG  123.365 -139.784 -117.615 -154.137
ARG  175.932 -175.719  172.792  -77.513
ARG  -43.660 -170.825  175.935   86.542
ARG  -77.661 -173.470  176.363  -83.504
ARG -168.380  173.127  -62.059  -85.382
ARG  -75.911 -156.067   68.940  132.331
ARG  -68.663 -175.474 -108.510  109.714
ARG  -57.463 -162.658  179.029  130.338
ARG  -58.025  -71.179 -170.682  -85.461
ARG -176.363  -86.026  -50.388  140.902
ARG  -73.131  149.283  177.246  177.662
ARG -163.451  -63.866  167.089 -142.648
ARG  -70.817 -175.296   63.335   73.415
ARG  -60.270  164.001 -168.911   82.770
ARG  -67.866  175.324   61.981 -171.187
ARG  176.755   60.536 -160.928  170.433
ARG -171.778   89.543 -170.557  -86.319
ARG  150.314  107.538  -47.068 -140.412
ARG -152.013  -50.781  177.539  171.755
ARG  -39.607  168.263   58.478 -179.997
ARG  -89.732 -101.393  -91.596  145.279
ARG  -59.731 -165.630  172.376 -164.843
ARG  167.051 -173.904  176.944  172.844
ARG  -66.365 -171.139  164.593  159.318
ARG  -56.053  163.335 -173.579  166.074
THR  -58.512
THR  -71.117
THR   67.728
THR  -48.976
THR   59.284
THR   58.477
THR   73.922
THR  -62.322
THR  -22.568
THR -173.195
THR  -62.531
THR -176.860
THR -169.908
THR  -54.489
THR  -53.900
THR   64.503
THR  -55.670
THR  -71.183
THR -163.196
THR -106.233
THR   57.179
THR   59.982
THR   56.460
THR   59.711
THR  -57.802
THR   38.446
THR  -66.402
THR  -51.030
THR  -62.266
THR   75.280
THR  -74.676
THR  -55.820
THR  -75.238
THR   57.199
THR  -62.757
THR  -72.435
THR   79.192
THR  -55.772
THR   64.935
THR   65.511
THR   57.835
THR   61.247
THR   66.565
THR   71.265
THR  -58.091
THR  -55.488
THR   53.816
THR   46.401
THR  -70.807
THR  -69.516
THR  -54.133
THR   56.870
THR  172.876
THR   59.685
THR   75.610
THR  -57.268
THR   65.151
THR  -58.669
THR   61.507
THR -176.428
THR   67.965
THR   57.198
THR  -61.900
THR   58.920
THR   66.073
THR  -66.573
THR -175.247
THR   82.825
THR   60.681
THR -171.541
THR  -49.392
THR  -64.616
THR   53.929
THR   66.543
THR  -51.672
THR  -62.307
THR   57.824
THR   74.038
THR  -50.080
THR   84.722
THR  -65.145
THR   72.477
THR  -59.944
THR   63.630
THR -122.891
THR  -54.864
THR   65.293
THR   78.861
THR  -64.352
THR -155.829
THR  -53.195
THR  -58.397
THR  -51.680
THR  -60.790
THR -171.729
THR   55.308
THR   62.019
THR  -54.955
THR  -62.612
THR  -57.937
THR   65.493
THR  -64.372
THR -158.674
THR   52.723
THR   63.680
THR  -58.484
THR   67.902
THR  -58.006
THR  -65.485
THR   71.288
THR   51.517
THR   55.059
THR   54.085
THR  -58.631
THR   66.523
THR  143.831
THR -168.758
THR   79.038
THR   67.296
THR   70.174
THR   65.486
THR   52.050
THR   54.804
THR   58.594
THR   71.042
THR   70.884
THR   59.630
THR   72.491
THR -162.956
THR   58.551
THR  -62.259
THR   46.650
THR  -55.265
THR  -58.942
THR  -61.060
THR -176.885
THR  -53.476
THR   56.142
THR -164.428
THR  -59.860
THR   67.604
MET -171.270  175.435   79.979
MET  -78.184   70.154 -121.930
MET  174.692   50.312   83.571
MET  -74.976 -174.008  161.339
MET  -61.813  -62.384  171.588
MET  -88.843  167.690   37.448
MET  -50.313  -61.005  -78.661
MET  -65.187 -174.357   77.627
MET  -74.947  -45.771  -61.829
MET  179.343 -174.326 -130.043
MET  -66.664  -51.057  -69.973
MET  -48.239 -176.780   82.783
MET -173.929  -87.717  167.683
MET  -74.206 -169.675  -69.996
MET -166.180 -176.919  -51.913
MET  -55.572 -171.747   78.088
MET  160.554 -178.788   78.439
MET  -76.054  -58.540  120.073
MET  -71.483  -49.110  -53.905
MET  -57.494  -52.504   98.496
MET  -84.555 -175.306  -99.145
MET  -58.836  -58.036  108.348
MET  -70.286  167.950   80.751
MET -149.636 -163.844  118.386
MET  -80.287  174.954  -72.498
MET  -53.937  -56.071  -63.776
MET  177.534 -174.496   76.747
MET -170.300   43.045   82.958
MET  -62.440  -53.808  106.285
MET  177.541  172.886   67.647
MET -170.889  176.765  109.905
MET   81.241 -174.818   78.642
MET  -75.727  -54.190  -65.662
MET   58.465   79.645 -126.404
MET  -61.173  -66.285  -64.906
MET -171.825   74.793  -82.630
MET   63.289  120.797 -104.013
MET  179.860 -141.327 -134.559
MET  168.311 -169.533   77.770
MET  -66.187  -55.358   98.725
MET  -64.294  -60.321   89.926
MET  -70.286  177.124   83.074
MET -177.465  154.627 -140.160
MET  -87.319  175.646 -140.473
MET  -68.408 -170.222   67.852
MET  -75.079  -70.044 -163.751
MET  -70.120  176.666  -82.845
MET  174.216  168.010   77.323
MET  -43.709 -178.697  -71.789
MET  -61.412  -64.618  -66.508
MET  -68.642  -60.596   90.206
MET -173.181   77.009  -98.989
MET -161.021 -169.156   85.088
MET -167.248   69.890   73.390
MET  168.174  178.940   59.021
MET  177.998   71.406   76.557
MET  175.276  159.210  175.620
MET  -75.436  -52.844 -138.587
MET -174.322 -171.076   70.678
MET  169.365  169.855  -74.225
MET  -60.014 -169.556   74.262
MET  -19.633 -120.005 -109.692
MET  -62.775 -160.233   86.937
MET -177.474   71.426   85.616
MET  -41.132  176.820   66.447
MET  -71.118 -171.237   75.746
MET  -62.811  -63.052  -85.871
MET  -71.455  -54.018  -70.250
MET -164.390  173.522   85.060
MET -177.718   62.774   81.443
MET  -61.310  -64.598 -177.965
MET  -44.199  -61.653  163.345
MET   61.319 -177.088 -160.931
HIS -163.761 -110.360
HIS  166.849   57.127
HIS -163.546  -83.013
HIS -161.368  -87.822
HIS   69.400   59.775
HIS  -61.209  -71.027
HIS -161.151  -63.620
HIS  -51.643  -69.078
HIS  150.983   83.750
HIS -145.709   69.765
HIS  -68.068  176.856
HIS -156.531  -55.197
HIS   71.008   38.524
HIS -178.262  -58.530
HIS  -66.819  -51.481
HIS -179.713  -61.734
HIS -177.720   77.469
HIS -138.987  -66.625
HIS  176.693 -138.891
HIS   59.885   75.101
HIS   65.883  -83.819
HIS  175.082  -84.491
HIS   69.277  -86.633
HIS  -73.758  -59.873
HIS -170.196  -57.019
HIS -165.985  -89.904
HIS -146.825  -88.199
HIS  -70.618   81.684
HIS  -49.909  -80.023
HIS   81.372 -100.958
HIS -174.798  -94.125
HIS -174.254   90.515
HIS   79.617  -99.812
HIS  -71.934  -81.400
HIS  157.777   77.307
HIS -170.621   65.210
HIS  -66.523  -51.357
HIS -152.992 -177.681
HIS  -66.076  -60.004
HIS -163.926  101.880
HIS -148.402  -29.901
HIS -148.411  166.155
HIS  -78.272 -165.275
HIS  -84.248  -77.689
HIS  178.832  168.086
HIS  172.750   92.012
HIS  -62.275  -73.878
HIS  -53.742   96.022
HIS -169.851  -69.488
HIS  -63.821  -88.581
HIS  -59.932  -59.032
HIS   59.311  -56.236
HIS  -56.976  -72.255
HIS  -69.885  151.733
HIS  -71.493 -173.428
HIS  -60.935  132.688
HIS  179.098   63.471
HIS -156.134  168.197
HIS   50.637  -86.602
HIS  -56.982  -72.667
HIS   66.315  -73.098
HIS   54.202  100.332
HIS  -68.020  -92.755
HIS -177.347 -104.477
HIS -170.593  -57.355
HIS  -62.889  166.869
HIS   67.496   82.019
HIS -178.337   64.577
HIS   71.176  -59.502
HIS  -51.071  -66.647
HIS  145.936  104.298
HIS  -54.969  -56.316
HIS  161.456   77.960
HIS   71.906  -91.954
HIS   73.099  -84.768
HIS  -51.539  -58.745
HIS  -70.181  -50.316
HIS  -46.372   50.571
HIS -174.281   54.372
HIS  -48.469  -59.993
HIS  -65.008  -69.545
HIS  -65.794  -62.499
HIS  -71.150 -113.382
HIS  -60.745   85.806
HIS  -46.822  -63.171
HIS   44.628   74.383
HIS -161.976 -101.744
HIS -151.632  132.434
HIS  -79.416 -172.922
HIS  166.606   73.396
HIS  171.643 -120.247
HIS  -77.279  130.116
HIS -155.464  143.716
HIS   64.136  100.506
HIS   84.573  -56.011
HIS  179.215   76.871
HIS  -66.863  -63.285
HIS -158.077 -116.394
HIS  -45.976  -59.982
HIS   57.469 -109.595
HIS -164.955  -82.742
HIS  -57.787  -92.267
HIS  178.143  -86.658
HIS -173.773   50.212
HIS -166.580  -18.427
HIS   57.145   78.080
HIS  -80.542  146.064
HIS  -66.697  101.251
HIS  -58.258  -60.778
HIS   63.102  -61.168
HIS  -69.467  -65.220
HIS  170.333  -74.399
HIS  -59.748  170.005
HIS -168.747  -65.388
HIS -163.288   95.941
HIS  -68.178 -179.336
HIS  -70.358  -76.041
HIS -177.390  175.946
HIS   51.903  -76.630
HIS  -67.416 -101.883
HIS  -66.844   60.809
HIS -172.479   63.784
HIS  -51.682  161.648
HIS   57.480   75.528
